2023-03-20 03:41:55 - __main__ - INFO - connect -- sl2BzasgszDI9ITcAAAB
2023-03-20 03:41:55 - __main__ - INFO - connect -- aJsTcOmiB2heEs6OAAAE
2023-03-20 03:41:55 - __main__ - INFO - connect -- m7W5bkRb3STVAUpmAAAF
2023-03-20 03:42:04 - __main__ - INFO - disconnect -- sl2BzasgszDI9ITcAAAB
2023-03-20 03:42:06 - __main__ - INFO - connect -- C4WoHeh8T-r4tspeAAAH
2023-03-20 03:46:03 - __main__ - INFO - disconnect -- m7W5bkRb3STVAUpmAAAF
2023-03-20 03:46:03 - __main__ - INFO - disconnect -- aJsTcOmiB2heEs6OAAAE
2023-03-20 03:46:03 - __main__ - INFO - connect -- oQ5-GUHUkjx_T55XAAAJ
2023-03-20 03:46:04 - __main__ - INFO - connect -- isUZgrcXjsr5sq9aAAAL
2023-03-20 03:46:22 - __main__ - INFO - disconnect -- isUZgrcXjsr5sq9aAAAL
2023-03-20 03:46:22 - __main__ - INFO - connect -- _ehTxxWGA7juMif9AAAN
2023-03-20 03:46:23 - __main__ - INFO - connect -- yQoiICPRsdYAv4GzAAAP
2023-03-20 03:46:32 - __main__ - INFO - disconnect -- yQoiICPRsdYAv4GzAAAP
2023-03-20 03:46:32 - __main__ - INFO - connect -- VODwkmNx0RIvU6muAAAR
2023-03-20 03:46:32 - __main__ - INFO - connect -- UHiurooJgssI-1YOAAAT
2023-03-20 03:46:47 - __main__ - INFO - disconnect -- UHiurooJgssI-1YOAAAT
2023-03-20 03:46:47 - __main__ - INFO - connect -- -pNVafHNCDemtI9iAAAV
2023-03-20 03:46:48 - __main__ - INFO - connect -- v0HeaX77dsbovoZqAAAX
2023-03-20 03:48:00 - __main__ - INFO - disconnect -- v0HeaX77dsbovoZqAAAX
2023-03-20 03:48:00 - __main__ - INFO - connect -- GHZlwDKeVzKIR2KTAAAZ
2023-03-20 03:48:00 - __main__ - INFO - connect -- y7XCm7asBb7GuYNkAAAb
2023-03-20 03:48:40 - __main__ - INFO - C4WoHeh8T-r4tspeAAAH transmitted -- User opened mail with id  exampleaaaaaaaaaaaaaaaaaaaaaaaaa
2023-03-20 03:48:40 - __main__ - INFO - C4WoHeh8T-r4tspeAAAH transmitted -- User opened mail with id  exampleaaaaaaaaaaaaaaaaaaaaaaaaa1
