2023-03-20 03:16:33 - __main__ - INFO - Initiating data extraction
2023-03-20 03:16:33 - __main__ - INFO - Data extraction completed
2023-03-20 03:16:37 - __main__ - INFO - Initiating data extraction
2023-03-20 03:16:37 - __main__ - INFO - Data extraction completed
2023-03-20 03:16:37 - __main__ - INFO - Initiating data storage - exampleaaaaaaaaaaaaaaaaaaaaaaaaa
2023-03-20 03:16:37 - __main__ - INFO - Data data storage completed
2023-03-20 03:16:37 - __main__ - INFO - Initiating data transmission over websocket - User opened mail with id  exampleaaaaaaaaaaaaaaaaaaaaaaaaa
2023-03-20 03:16:37 - __main__ - INFO - Data transmission over websocket completed
2023-03-20 03:16:37 - __main__ - INFO - Initiating data storage - exampleaaaaaaaaaaaaaaaaaaaaaaaaa1
2023-03-20 03:16:37 - __main__ - INFO - Data data storage completed
2023-03-20 03:16:37 - __main__ - INFO - Initiating data transmission over websocket - User opened mail with id  exampleaaaaaaaaaaaaaaaaaaaaaaaaa1
2023-03-20 03:16:37 - __main__ - INFO - Data transmission over websocket completed
2023-03-20 03:38:09 - __main__ - INFO - App started at 0.0.0.0:8080
2023-03-20 03:40:43 - __main__ - INFO - App started at 0.0.0.0:8080
2023-03-20 03:42:04 - __main__ - INFO - App started at 0.0.0.0:8080
2023-03-20 03:48:40 - __main__ - INFO - Initiating data extraction
2023-03-20 03:48:40 - __main__ - INFO - Data extraction completed
2023-03-20 03:48:40 - __main__ - INFO - Initiating data storage - exampleaaaaaaaaaaaaaaaaaaaaaaaaa
2023-03-20 03:48:40 - __main__ - INFO - Data data storage completed
2023-03-20 03:48:40 - __main__ - INFO - Initiating data transmission over websocket - User opened mail with id  exampleaaaaaaaaaaaaaaaaaaaaaaaaa
2023-03-20 03:48:40 - __main__ - INFO - Data transmission over websocket completed
2023-03-20 03:48:40 - __main__ - INFO - Initiating data storage - exampleaaaaaaaaaaaaaaaaaaaaaaaaa1
2023-03-20 03:48:40 - __main__ - INFO - Data data storage completed
2023-03-20 03:48:40 - __main__ - INFO - Initiating data transmission over websocket - User opened mail with id  exampleaaaaaaaaaaaaaaaaaaaaaaaaa1
2023-03-20 03:48:40 - __main__ - INFO - Data transmission over websocket completed
